<?xml version="1.0" encoding="UTF-8"?>
<testng-results skipped="0" failed="0" ignored="0" total="1" passed="1">
  <reporter-output>
  </reporter-output>
  <suite name="cucumberRuns" duration-ms="54682" started-at="2017-06-13T05:43:20Z" finished-at="2017-06-13T05:44:15Z">
    <groups>
      <group name="cucumber">
        <method signature="AbstractTestNGCucumberTests.feature(cucumber.api.testng.CucumberFeatureWrapper)[pri:0, instance:testRunner.Runnercreation@149dace]" name="feature" class="cucumber.api.testng.AbstractTestNGCucumberTests"/>
      </group> <!-- cucumber -->
    </groups>
    <test name="cucumbertests" duration-ms="54682" started-at="2017-06-13T05:43:20Z" finished-at="2017-06-13T05:44:15Z">
      <class name="testRunner.Runnercreation">
        <test-method status="PASS" signature="setUpClass()[pri:0, instance:testRunner.Runnercreation@149dace]" name="setUpClass" is-config="true" duration-ms="478" started-at="2017-06-13T11:13:20Z" finished-at="2017-06-13T11:13:21Z">
          <reporter-output>
          </reporter-output>
        </test-method> <!-- setUpClass -->
        <test-method status="PASS" signature="feature(cucumber.api.testng.CucumberFeatureWrapper)[pri:0, instance:testRunner.Runnercreation@149dace]" name="feature" duration-ms="53854" started-at="2017-06-13T11:13:21Z" description="Runs Cucumber Feature" data-provider="features" finished-at="2017-06-13T11:14:15Z">
          <params>
            <param index="0">
              <value>
                <![CDATA[Test Demo Site]]>
              </value>
            </param>
          </params>
          <reporter-output>
          </reporter-output>
        </test-method> <!-- feature -->
        <test-method status="PASS" signature="tearDownClass()[pri:0, instance:testRunner.Runnercreation@149dace]" name="tearDownClass" is-config="true" duration-ms="106" started-at="2017-06-13T11:14:15Z" finished-at="2017-06-13T11:14:15Z">
          <reporter-output>
          </reporter-output>
        </test-method> <!-- tearDownClass -->
      </class> <!-- testRunner.Runnercreation -->
    </test> <!-- cucumbertests -->
  </suite> <!-- cucumberRuns -->
</testng-results>
